2024-09-17 16:52:13.813 [main] INFO  org.testng.internal.Utils - [TestNG] Time taken by org.testng.reporters.FailedReporter@25a5c7db: 0 ms
2024-09-17 16:52:13.834 [main] INFO  org.testng.internal.Utils - [TestNG] Time taken by org.testng.reporters.XMLReporter@2eb917d0: 11 ms
2024-09-17 16:52:13.852 [main] INFO  org.testng.internal.Utils - [TestNG] Time taken by org.testng.reporters.EmailableReporter2@4088741b: 17 ms
2024-09-17 16:52:13.869 [main] INFO  org.testng.internal.Utils - [TestNG] Time taken by org.testng.reporters.JUnitReportReporter@3e48d38: 17 ms
2024-09-17 16:52:13.870 [main] INFO  org.testng.internal.Utils - [TestNG] Time taken by org.testng.internal.ExitCodeListener@7c2b58c0: 1 ms
2024-09-17 17:20:22.411 [main] DEBUG org.testng.TestNG - suiteXmlPath: "D:\Automation Testing\Selenium Practice\Opencart121\master.xml"
2024-09-17 17:20:22.890 [main] INFO  org.testng.internal.Utils - [TestNG] Running:
  D:\Automation Testing\Selenium Practice\Opencart121\master.xml

2024-09-17 17:20:33.996 [main] INFO  testCases.TC001_AccountRegistrationTest - *****Starting TC001_AccountRegistrationTest*****
2024-09-17 17:20:34.213 [main] INFO  testCases.TC001_AccountRegistrationTest - *****clicked on my account link*****
2024-09-17 17:20:35.468 [main] INFO  testCases.TC001_AccountRegistrationTest - *****clicked on registration link*****
2024-09-17 17:20:35.475 [main] INFO  testCases.TC001_AccountRegistrationTest - *****Providing customer details*****
2024-09-17 17:20:37.259 [main] INFO  testCases.TC001_AccountRegistrationTest - *****validating Expected Message*****
2024-09-17 17:20:37.324 [main] INFO  testCases.TC001_AccountRegistrationTest - *****Finished TC001_AccountRegistrationTest*****
2024-09-17 17:29:01.668 [main] DEBUG org.testng.TestNG - suiteXmlPath: "D:\Automation Testing\Selenium Practice\Opencart121\master.xml"
2024-09-17 17:29:02.182 [main] INFO  org.testng.internal.Utils - [TestNG] Running:
  D:\Automation Testing\Selenium Practice\Opencart121\master.xml

2024-09-17 17:29:13.500 [main] INFO  testCases.TC001_AccountRegistrationTest - *****Starting TC001_AccountRegistrationTest*****
2024-09-17 17:29:13.734 [main] INFO  testCases.TC001_AccountRegistrationTest - *****clicked on my account link*****
2024-09-17 17:29:14.911 [main] INFO  testCases.TC001_AccountRegistrationTest - *****clicked on registration link*****
2024-09-17 17:29:14.913 [main] INFO  testCases.TC001_AccountRegistrationTest - *****Providing customer details*****
2024-09-17 17:29:17.027 [main] INFO  testCases.TC001_AccountRegistrationTest - *****validating Expected Message*****
2024-09-17 17:29:17.102 [main] INFO  testCases.TC001_AccountRegistrationTest - *****Finished TC001_AccountRegistrationTest*****
2024-09-17 17:29:59.838 [main] INFO  testCases.TC001_AccountRegistrationTest - *****Starting TC001_AccountRegistrationTest*****
2024-09-17 17:29:59.949 [main] INFO  testCases.TC001_AccountRegistrationTest - *****clicked on my account link*****
2024-09-17 17:30:01.446 [main] INFO  testCases.TC001_AccountRegistrationTest - *****clicked on registration link*****
2024-09-17 17:30:01.449 [main] INFO  testCases.TC001_AccountRegistrationTest - *****Providing customer details*****
2024-09-17 17:30:19.509 [main] INFO  testCases.TC001_AccountRegistrationTest - *****Starting TC001_AccountRegistrationTest*****
2024-09-17 17:30:19.900 [main] INFO  testCases.TC001_AccountRegistrationTest - *****clicked on my account link*****
2024-09-17 17:31:25.698 [main] DEBUG org.testng.TestNG - suiteXmlPath: "D:\Automation Testing\Selenium Practice\Opencart121\master.xml"
2024-09-17 17:31:26.234 [main] INFO  org.testng.internal.Utils - [TestNG] Running:
  D:\Automation Testing\Selenium Practice\Opencart121\master.xml

2024-09-17 17:31:37.953 [main] INFO  testCases.TC001_AccountRegistrationTest - *****Starting TC001_AccountRegistrationTest*****
2024-09-17 17:31:38.142 [main] INFO  testCases.TC001_AccountRegistrationTest - *****clicked on my account link*****
2024-09-17 17:31:39.604 [main] INFO  testCases.TC001_AccountRegistrationTest - *****clicked on registration link*****
2024-09-17 17:31:39.607 [main] INFO  testCases.TC001_AccountRegistrationTest - *****Providing customer details*****
2024-09-17 17:31:42.077 [main] INFO  testCases.TC001_AccountRegistrationTest - *****validating Expected Message*****
2024-09-17 17:31:42.157 [main] INFO  testCases.TC001_AccountRegistrationTest - *****Finished TC001_AccountRegistrationTest*****
2024-09-17 17:31:58.365 [main] INFO  testCases.TC001_AccountRegistrationTest - *****Starting TC001_AccountRegistrationTest*****
2024-09-17 17:31:58.619 [main] INFO  testCases.TC001_AccountRegistrationTest - *****clicked on my account link*****
2024-09-17 17:32:01.726 [main] INFO  testCases.TC001_AccountRegistrationTest - *****clicked on registration link*****
2024-09-17 17:32:01.728 [main] INFO  testCases.TC001_AccountRegistrationTest - *****Providing customer details*****
2024-09-17 17:32:03.939 [main] INFO  testCases.TC001_AccountRegistrationTest - *****validating Expected Message*****
